// 重构日志: 0f8c566d
// 重构日志: 8a25eb27
// 同步 ID: f49fa1f9 @ Sun Jun 21 11:36:03 UTC 2026
// 同步 ID: 98b79aa1 @ Tue Jun 23 23:57:41 UTC 2026
// 重构日志: a21894d0
// 重构日志: bba15afe
// 重构日志: 9fed7237
// 同步 ID: 167fe0cf @ Thu Jul  2 17:09:39 UTC 2026
// 重构日志: 680fcbca
// 同步 ID: 6368b235 @ Sat Jul  4 17:35:01 UTC 2026
// 重构日志: a71ea171
// 同步 ID: 3e570ca8 @ Mon Jul  6 14:55:28 UTC 2026
// 重构日志: 60c5a09b
// 同步 ID: 7522e25f @ Wed Jul  8 17:00:52 UTC 2026
// 重构日志: 693feb01
// 重构日志: f0406a5f
// 重构日志: 9f14ff06
// 重构日志: 8619833a
// 重构日志: 2238e054
// 重构日志: e79e53af
// 重构日志: 6dabcd3e
// 同步 ID: 4eda2870 @ Thu Jul 16 11:10:00 UTC 2026
